[debug] [2025-10-03T00:04:55.893Z] ----------------------------------------------------------------------
[debug] [2025-10-03T00:04:55.894Z] Command:       C:\Program Files\nodejs\node.exe C:\Users\mattm\AppData\Roaming\npm\node_modules\firebase-tools\lib\bin\firebase.js deploy --only hosting
[debug] [2025-10-03T00:04:55.895Z] CLI Version:   14.17.0
[debug] [2025-10-03T00:04:55.895Z] Platform:      win32
[debug] [2025-10-03T00:04:55.895Z] Node Version:  v22.20.0
[debug] [2025-10-03T00:04:55.895Z] Time:          Thu Oct 02 2025 20:04:55 GMT-0400 (Eastern Daylight Time)
[debug] [2025-10-03T00:04:55.895Z] ----------------------------------------------------------------------
[debug] 
[debug] [2025-10-03T00:04:55.992Z] > command requires scopes: ["email","openid","https://www.googleapis.com/auth/cloudplatformprojects.readonly","https://www.googleapis.com/auth/firebase","https://www.googleapis.com/auth/cloud-platform"]
[debug] [2025-10-03T00:04:55.992Z] > authorizing via signed-in user (mattg@gladlabs.io)
[debug] [2025-10-03T00:04:55.992Z] [iam] checking project gen-lang-client-0031944915 for permissions ["firebase.projects.get","firebasehosting.sites.update"]
[debug] [2025-10-03T00:04:55.993Z] Checked if tokens are valid: false, expires at: 1759380057224
[debug] [2025-10-03T00:04:55.993Z] Checked if tokens are valid: false, expires at: 1759380057224
[debug] [2025-10-03T00:04:55.993Z] > refreshing access token with scopes: []
[debug] [2025-10-03T00:04:55.994Z] >>> [apiv2][query] POST https://www.googleapis.com/oauth2/v3/token [none]
[debug] [2025-10-03T00:04:55.994Z] >>> [apiv2][body] POST https://www.googleapis.com/oauth2/v3/token [omitted]
[debug] [2025-10-03T00:04:56.135Z] <<< [apiv2][status] POST https://www.googleapis.com/oauth2/v3/token 400
[debug] [2025-10-03T00:04:56.135Z] <<< [apiv2][body] POST https://www.googleapis.com/oauth2/v3/token [omitted]
[error] Authentication Error: Your credentials are no longer valid. Please run firebase login --reauth

For CI servers and headless environments, generate a new token with firebase login:ci
[error] Authentication Error: Your credentials are no longer valid. Please run firebase login --reauth

For CI servers and headless environments, generate a new token with firebase login:ci
[debug] [2025-10-03T00:04:56.136Z] [iam] error while checking permissions, command may fail: Authentication Error: Your credentials are no longer valid. Please run firebase login --reauth

For CI servers and headless environments, generate a new token with firebase login:ci
[debug] [2025-10-03T00:04:56.136Z] Checked if tokens are valid: false, expires at: 1759380057224
[debug] [2025-10-03T00:04:56.136Z] Checked if tokens are valid: false, expires at: 1759380057224
[debug] [2025-10-03T00:04:56.136Z] > refreshing access token with scopes: []
[debug] [2025-10-03T00:04:56.136Z] >>> [apiv2][query] POST https://www.googleapis.com/oauth2/v3/token [none]
[debug] [2025-10-03T00:04:56.136Z] >>> [apiv2][body] POST https://www.googleapis.com/oauth2/v3/token [omitted]
[debug] [2025-10-03T00:04:56.212Z] <<< [apiv2][status] POST https://www.googleapis.com/oauth2/v3/token 400
[debug] [2025-10-03T00:04:56.212Z] <<< [apiv2][body] POST https://www.googleapis.com/oauth2/v3/token [omitted]
[error] Authentication Error: Your credentials are no longer valid. Please run firebase login --reauth

For CI servers and headless environments, generate a new token with firebase login:ci
[error] Authentication Error: Your credentials are no longer valid. Please run firebase login --reauth

For CI servers and headless environments, generate a new token with firebase login:ci
[debug] [2025-10-03T00:04:56.212Z] Authentication Error: Your credentials are no longer valid. Please run firebase login --reauth

For CI servers and headless environments, generate a new token with firebase login:ci
[error] 
[error] Error: Assertion failed: resolving hosting target of a site with no site name or target name. This should have caused an error earlier
